2023-12-15 13:18:54.858  INFO 1011133 --- [restartedMain] .n.e.ExpenseManagementProjectApplication : Starting ExpenseManagementProjectApplication using Java 11.0.20.1 on nineleaps-ThinkPad-E490 with PID 1011133 (/home/nineleaps/Documents/BillFoldnew/BillFold/target/classes started by nineleaps in /home/nineleaps/Documents/BillFoldnew/BillFold)
2023-12-15 13:18:54.860  INFO 1011133 --- [restartedMain] .n.e.ExpenseManagementProjectApplication : The following 1 profile is active: "dev"
2023-12-15 13:18:55.014  INFO 1011133 --- [restartedMain] o.s.b.devtools.restart.ChangeableUrls    : The Class-Path manifest attribute in /home/nineleaps/.m2/repository/io/grpc/grpc-netty-shaded/1.23.0/grpc-netty-shaded-1.23.0.jar referenced one or more files that do not exist: file:/home/nineleaps/.m2/repository/io/grpc/grpc-netty-shaded/1.23.0/grpc-core-1.23.0.jar,file:/home/nineleaps/.m2/repository/io/grpc/grpc-netty-shaded/1.23.0/grpc-api-1.23.0.jar,file:/home/nineleaps/.m2/repository/io/grpc/grpc-netty-shaded/1.23.0/gson-2.7.jar,file:/home/nineleaps/.m2/repository/io/grpc/grpc-netty-shaded/1.23.0/annotations-4.1.1.4.jar,file:/home/nineleaps/.m2/repository/io/grpc/grpc-netty-shaded/1.23.0/perfmark-api-0.17.0.jar,file:/home/nineleaps/.m2/repository/io/grpc/grpc-netty-shaded/1.23.0/opencensus-contrib-grpc-metrics-0.21.0.jar,file:/home/nineleaps/.m2/repository/io/grpc/grpc-netty-shaded/1.23.0/opencensus-api-0.21.0.jar,file:/home/nineleaps/.m2/repository/io/grpc/grpc-netty-shaded/1.23.0/grpc-context-1.23.0.jar,file:/home/nineleaps/.m2/repository/io/grpc/grpc-netty-shaded/1.23.0/error_prone_annotations-2.3.2.jar,file:/home/nineleaps/.m2/repository/io/grpc/grpc-netty-shaded/1.23.0/jsr305-3.0.2.jar,file:/home/nineleaps/.m2/repository/io/grpc/grpc-netty-shaded/1.23.0/animal-sniffer-annotations-1.17.jar,file:/home/nineleaps/.m2/repository/io/grpc/grpc-netty-shaded/1.23.0/guava-26.0-android.jar,file:/home/nineleaps/.m2/repository/io/grpc/grpc-netty-shaded/1.23.0/checker-compat-qual-2.5.2.jar,file:/home/nineleaps/.m2/repository/io/grpc/grpc-netty-shaded/1.23.0/j2objc-annotations-1.1.jar
2023-12-15 13:18:55.015  INFO 1011133 --- [restartedMain] .e.DevToolsPropertyDefaultsPostProcessor : Devtools property defaults active! Set 'spring.devtools.add-properties' to 'false' to disable
2023-12-15 13:18:57.389  INFO 1011133 --- [restartedMain] .s.d.r.c.RepositoryConfigurationDelegate : Bootstrapping Spring Data JPA repositories in DEFAULT mode.
2023-12-15 13:18:57.533  INFO 1011133 --- [restartedMain] .s.d.r.c.RepositoryConfigurationDelegate : Finished Spring Data repository scanning in 128 ms. Found 4 JPA repository interfaces.
2023-12-15 13:18:59.387  INFO 1011133 --- [restartedMain] o.s.b.w.embedded.tomcat.TomcatWebServer  : Tomcat initialized with port(s): 8080 (http)
2023-12-15 13:18:59.405  INFO 1011133 --- [restartedMain] o.apache.catalina.core.StandardService   : Starting service [Tomcat]
2023-12-15 13:18:59.406  INFO 1011133 --- [restartedMain] org.apache.catalina.core.StandardEngine  : Starting Servlet engine: [Apache Tomcat/9.0.73]
2023-12-15 13:18:59.645  INFO 1011133 --- [restartedMain] o.a.c.c.C.[Tomcat].[localhost].[/]       : Initializing Spring embedded WebApplicationContext
2023-12-15 13:18:59.646  INFO 1011133 --- [restartedMain] w.s.c.ServletWebServerApplicationContext : Root WebApplicationContext: initialization completed in 4630 ms
2023-12-15 13:19:00.063  INFO 1011133 --- [restartedMain] o.hibernate.jpa.internal.util.LogHelper  : HHH000204: Processing PersistenceUnitInfo [name: default]
2023-12-15 13:19:00.122  INFO 1011133 --- [restartedMain] org.hibernate.Version                    : HHH000412: Hibernate ORM core version 5.6.15.Final
2023-12-15 13:19:00.338  INFO 1011133 --- [restartedMain] o.hibernate.annotations.common.Version   : HCANN000001: Hibernate Commons Annotations {5.1.2.Final}
2023-12-15 13:19:00.466  INFO 1011133 --- [restartedMain] com.zaxxer.hikari.HikariDataSource       : HikariPool-1 - Starting...
2023-12-15 13:19:01.071  INFO 1011133 --- [restartedMain] com.zaxxer.hikari.HikariDataSource       : HikariPool-1 - Start completed.
2023-12-15 13:19:01.090  INFO 1011133 --- [restartedMain] org.hibernate.dialect.Dialect            : HHH000400: Using dialect: org.hibernate.dialect.MySQL8Dialect
2023-12-15 13:19:02.111  INFO 1011133 --- [restartedMain] o.h.e.t.j.p.i.JtaPlatformInitiator       : HHH000490: Using JtaPlatform implementation: [org.hibernate.engine.transaction.jta.platform.internal.NoJtaPlatform]
2023-12-15 13:19:02.123  INFO 1011133 --- [restartedMain] j.LocalContainerEntityManagerFactoryBean : Initialized JPA EntityManagerFactory for persistence unit 'default'
2023-12-15 13:19:03.056  INFO 1011133 --- [restartedMain] c.n.e.firebase.FCMInitializer            : Firebase application has been initialized
2023-12-15 13:19:03.634  WARN 1011133 --- [restartedMain] .s.s.UserDetailsServiceAutoConfiguration : 

Using generated security password: 01ee2820-98c3-4235-8ad9-bfe836e30526

This generated password is for development use only. Your security configuration must be updated before running your application in production.

2023-12-15 13:19:03.923  INFO 1011133 --- [restartedMain] o.s.s.web.DefaultSecurityFilterChain     : Will secure any request with [org.springframework.security.web.session.DisableEncodeUrlFilter@ff3fa9c, org.springframework.security.web.context.request.async.WebAsyncManagerIntegrationFilter@51b09407, org.springframework.security.web.context.SecurityContextPersistenceFilter@71022143, org.springframework.security.web.header.HeaderWriterFilter@55efd322, org.springframework.security.web.authentication.logout.LogoutFilter@6a16cd03, com.nineleaps.expense_management_project.config.JwtFilter@3ad967bb, org.springframework.security.web.savedrequest.RequestCacheAwareFilter@10d9e23, org.springframework.security.web.servletapi.SecurityContextHolderAwareRequestFilter@2f72a2ce, org.springframework.security.web.authentication.AnonymousAuthenticationFilter@76a4aba5, org.springframework.security.web.session.SessionManagementFilter@38af4cf0, org.springframework.security.web.access.ExceptionTranslationFilter@5a31e9f5, org.springframework.security.web.access.intercept.FilterSecurityInterceptor@1586ba38]
2023-12-15 13:19:04.086  INFO 1011133 --- [restartedMain] o.s.b.d.a.OptionalLiveReloadServer       : LiveReload server is running on port 35729
2023-12-15 13:19:04.527  INFO 1011133 --- [restartedMain] o.s.b.w.embedded.tomcat.TomcatWebServer  : Tomcat started on port(s): 8080 (http) with context path ''
2023-12-15 13:19:04.677  INFO 1011133 --- [restartedMain] .n.e.ExpenseManagementProjectApplication : Started ExpenseManagementProjectApplication in 11.749 seconds (JVM running for 13.104)
2023-12-15 13:19:07.951  INFO 1011133 --- [http-nio-8080-exec-1] o.a.c.c.C.[Tomcat].[localhost].[/]       : Initializing Spring DispatcherServlet 'dispatcherServlet'
2023-12-15 13:19:07.952  INFO 1011133 --- [http-nio-8080-exec-1] o.s.web.servlet.DispatcherServlet        : Initializing Servlet 'dispatcherServlet'
2023-12-15 13:19:07.955  INFO 1011133 --- [http-nio-8080-exec-1] o.s.web.servlet.DispatcherServlet        : Completed initialization in 3 ms
2023-12-15 13:20:26.126  INFO 1011133 --- [File Watcher] rtingClassPathChangeChangedEventListener : Restarting due to 1 class path change (0 additions, 0 deletions, 1 modification)
2023-12-15 13:20:26.132  INFO 1011133 --- [Thread-4] o.apache.catalina.core.StandardService   : Stopping service [Tomcat]
2023-12-15 13:20:26.134  INFO 1011133 --- [Thread-4] o.a.c.c.C.[Tomcat].[localhost].[/]       : Destroying Spring FrameworkServlet 'dispatcherServlet'
2023-12-15 13:20:26.151  INFO 1011133 --- [Thread-4] j.LocalContainerEntityManagerFactoryBean : Closing JPA EntityManagerFactory for persistence unit 'default'
2023-12-15 13:20:26.155  INFO 1011133 --- [Thread-4] com.zaxxer.hikari.HikariDataSource       : HikariPool-1 - Shutdown initiated...
2023-12-15 13:20:26.173  INFO 1011133 --- [Thread-4] com.zaxxer.hikari.HikariDataSource       : HikariPool-1 - Shutdown completed.
